============================= test session starts ==============================
platform darwin -- Python 3.14.3, pytest-9.0.3, pluggy-1.6.0 -- /Users/michael.parcewski/Projects/wicked-garden/.claude/worktrees/agent-a6d9f653758935ccf/.venv/bin/python
cachedir: .pytest_cache
benchmark: 5.2.3 (defaults: timer=time.perf_counter disable_gc=False min_rounds=5 min_time=0.000005 max_time=1.0 calibration_precision=10 warmup=False warmup_iterations=100000)
hypothesis profile 'default'
rootdir: /Users/michael.parcewski/Projects/wicked-garden/.claude/worktrees/agent-a6d9f653758935ccf
configfile: pyproject.toml
plugins: benchmark-5.2.3, hypothesis-6.152.1
collecting ... collected 98 items / 2 deselected / 96 selected

tests/daemon/test_council_endpoint.py::TestPostCouncilValid::test_returns_200_with_session_id PASSED [  1%]
tests/daemon/test_council_endpoint.py::TestPostCouncilValid::test_returns_raw_votes_key PASSED [  2%]
tests/daemon/test_council_endpoint.py::TestPostCouncilValid::test_returns_hitl_decision_key PASSED [  3%]
tests/daemon/test_council_endpoint.py::TestPostCouncilValid::test_cli_list_subset_respected PASSED [  4%]
tests/daemon/test_council_endpoint.py::TestPostCouncilValidation::test_missing_topic_returns_400 PASSED [  5%]
tests/daemon/test_council_endpoint.py::TestPostCouncilValidation::test_missing_question_returns_400 PASSED [  6%]
tests/daemon/test_council_endpoint.py::TestPostCouncilValidation::test_invalid_cli_list_type_returns_400 PASSED [  7%]
tests/daemon/test_council_endpoint.py::TestPostCouncilValidation::test_invalid_json_body_returns_400 PASSED [  8%]
tests/daemon/test_council_endpoint.py::TestGetCouncilSession::test_returns_200_with_votes PASSED [  9%]
tests/daemon/test_council_endpoint.py::TestGetCouncilSession::test_vote_shape_contains_expected_fields PASSED [ 10%]
tests/daemon/test_council_endpoint.py::TestGetCouncilSession::test_unknown_session_returns_404 PASSED [ 11%]
tests/daemon/test_council_endpoint.py::TestListCouncils::test_returns_empty_list_when_no_sessions PASSED [ 12%]
tests/daemon/test_council_endpoint.py::TestListCouncils::test_returns_all_sessions PASSED [ 13%]
tests/daemon/test_council_endpoint.py::TestListCouncils::test_topic_prefix_filter PASSED [ 14%]
tests/daemon/test_council_endpoint.py::TestListCouncils::test_since_filter PASSED [ 15%]
tests/daemon/test_council_endpoint.py::TestListCouncils::test_invalid_limit_returns_400 PASSED [ 16%]
tests/daemon/test_council_orchestrator.py::TestVotePersistence::test_successful_votes_persisted PASSED [ 17%]
tests/daemon/test_council_orchestrator.py::TestVotePersistence::test_unavailable_cli_produces_unavailable_vote PASSED [ 18%]
tests/daemon/test_council_orchestrator.py::TestVotePersistence::test_timeout_produces_timeout_vote_row PASSED [ 19%]
tests/daemon/test_council_orchestrator.py::TestVotePersistence::test_session_row_completed_after_run PASSED [ 20%]
tests/daemon/test_council_orchestrator.py::TestFanOutParallelism::test_parallel_completion_time_bounded_by_slowest PASSED [ 21%]
tests/daemon/test_council_orchestrator.py::TestFanOutParallelism::test_fan_out_collects_all_results PASSED [ 22%]
tests/daemon/test_council_orchestrator.py::TestHITLJudgeIntegration::test_hitl_decision_present_in_result PASSED [ 23%]
tests/daemon/test_council_orchestrator.py::TestHITLJudgeIntegration::test_hitl_pauses_on_no_quorum PASSED [ 25%]
tests/daemon/test_council_orchestrator.py::TestHITLJudgeIntegration::test_hitl_auto_proceed_on_unanimous_high_confidence_ignored PASSED [ 26%]
tests/daemon/test_council_orchestrator.py::TestSynthesisOutput::test_synthesized_contains_expected_keys PASSED [ 27%]
tests/daemon/test_council_orchestrator.py::TestSynthesisOutput::test_result_to_dict_is_json_serialisable PASSED [ 28%]
tests/daemon/test_council_schema.py::TestCouncilTablesExist::test_council_sessions_table_created PASSED [ 29%]
tests/daemon/test_council_schema.py::TestCouncilTablesExist::test_council_votes_table_created PASSED [ 30%]
tests/daemon/test_council_schema.py::TestCouncilTablesExist::test_expected_indexes_present PASSED [ 31%]
tests/daemon/test_council_schema.py::TestCouncilSessionInsert::test_insert_and_get_session PASSED [ 32%]
tests/daemon/test_council_schema.py::TestCouncilSessionInsert::test_insert_or_ignore_does_not_overwrite PASSED [ 33%]
tests/daemon/test_council_schema.py::TestCouncilSessionInsert::test_get_nonexistent_session_returns_none PASSED [ 34%]
tests/daemon/test_council_schema.py::TestCouncilVoteUpsert::test_upsert_single_vote PASSED [ 35%]
tests/daemon/test_council_schema.py::TestCouncilVoteUpsert::test_upsert_replaces_existing_vote PASSED [ 36%]
tests/daemon/test_council_schema.py::TestCouncilVoteUpsert::test_pk_constraint_holds_for_same_session_different_models PASSED [ 37%]
tests/daemon/test_council_schema.py::TestCouncilVoteUpsert::test_unavailable_and_timeout_votes_persist PASSED [ 38%]
tests/daemon/test_council_schema.py::TestCompleteCouncilSession::test_complete_sets_all_fields PASSED [ 39%]
tests/daemon/test_council_schema.py::TestCompleteCouncilSession::test_complete_with_no_hitl_pause PASSED [ 40%]
tests/daemon/test_council_schema.py::TestListCouncilSessions::test_returns_sessions_ordered_by_started_at_desc PASSED [ 41%]
tests/daemon/test_council_schema.py::TestListCouncilSessions::test_topic_prefix_filter PASSED [ 42%]
tests/daemon/test_council_schema.py::TestListCouncilSessions::test_since_filter PASSED [ 43%]
tests/daemon/test_council_schema.py::TestListCouncilSessions::test_limit_respected PASSED [ 44%]
tests/daemon/test_council_schema.py::TestListCouncilSessions::test_empty_db_returns_empty_list PASSED [ 45%]
tests/daemon/test_council_schema.py::TestForeignKeyCascade::test_votes_cascade_deleted_with_session PASSED [ 46%]
tests/daemon/test_council_timeout.py::TestTimeoutVoteRow::test_single_timeout_produces_timeout_verdict PASSED [ 47%]
tests/daemon/test_council_timeout.py::TestTimeoutVoteRow::test_timeout_vote_has_no_confidence PASSED [ 48%]
tests/daemon/test_council_timeout.py::TestTimeoutVoteRow::test_timeout_vote_row_has_non_empty_rationale PASSED [ 50%]
tests/daemon/test_council_timeout.py::TestTimeoutDoesNotBlockOthers::test_hanging_cli_does_not_block_healthy_cli PASSED [ 51%]
tests/daemon/test_council_timeout.py::TestTimeoutDoesNotBlockOthers::test_all_votes_collected_even_with_partial_timeouts PASSED [ 52%]
tests/daemon/test_council_timeout.py::TestNoSilentDrops::test_subprocess_exception_produces_error_vote PASSED [ 53%]
tests/daemon/test_council_timeout.py::TestNoSilentDrops::test_nonzero_exit_produces_error_vote PASSED [ 54%]
tests/daemon/test_parity.py::test_projection_matches_expected[single_phase_approve] PASSED [ 55%]
tests/daemon/test_parity.py::test_projection_matches_expected[reject_then_rework] PASSED [ 56%]
tests/daemon/test_parity.py::test_projection_matches_expected[multi_phase_lifecycle] PASSED [ 57%]
tests/daemon/test_parity.py::test_projection_matches_expected[auto_advance_low_complexity] PASSED [ 58%]
tests/daemon/test_parity.py::test_projection_matches_expected[yolo_revoke_audit] PASSED [ 59%]
tests/daemon/test_parity.py::test_projection_matches_expected[unknown_event_survives] PASSED [ 60%]
tests/daemon/test_parity.py::test_projection_is_idempotent[single_phase_approve] PASSED [ 61%]
tests/daemon/test_parity.py::test_projection_is_idempotent[reject_then_rework] PASSED [ 62%]
tests/daemon/test_parity.py::test_projection_is_idempotent[multi_phase_lifecycle] PASSED [ 63%]
tests/daemon/test_parity.py::test_projection_is_idempotent[auto_advance_low_complexity] PASSED [ 64%]
tests/daemon/test_parity.py::test_projection_is_idempotent[yolo_revoke_audit] PASSED [ 65%]
tests/daemon/test_parity.py::test_projection_is_idempotent[unknown_event_survives] PASSED [ 66%]
tests/daemon/test_parity.py::test_all_events_appear_in_event_log[single_phase_approve] PASSED [ 67%]
tests/daemon/test_parity.py::test_all_events_appear_in_event_log[reject_then_rework] PASSED [ 68%]
tests/daemon/test_parity.py::test_all_events_appear_in_event_log[multi_phase_lifecycle] PASSED [ 69%]
tests/daemon/test_parity.py::test_all_events_appear_in_event_log[auto_advance_low_complexity] PASSED [ 70%]
tests/daemon/test_parity.py::test_all_events_appear_in_event_log[yolo_revoke_audit] PASSED [ 71%]
tests/daemon/test_parity.py::test_all_events_appear_in_event_log[unknown_event_survives] PASSED [ 72%]
tests/daemon/test_parity.py::test_unknown_event_survives_known_event_still_projects PASSED [ 73%]
tests/daemon/test_parity.py::test_cursor_can_be_set_and_retrieved PASSED [ 75%]
tests/daemon/test_parity_tasks.py::test_task_created_to_completed_lifecycle PASSED [ 76%]
tests/daemon/test_parity_tasks.py::test_task_lifecycle_idempotent PASSED [ 77%]
tests/daemon/test_parity_tasks.py::test_task_status_filter PASSED        [ 78%]
tests/daemon/test_parity_tasks.py::test_task_chain_id_filter PASSED      [ 79%]
tests/daemon/test_parity_tasks.py::test_task_metadata_preserved PASSED   [ 80%]
tests/daemon/test_parity_tasks.py::test_unknown_task_event_ignored PASSED [ 81%]
tests/daemon/test_parity_tasks.py::test_status_regression_refused_by_rank_guard PASSED [ 82%]
tests/daemon/test_parity_tasks.py::test_status_progression_forward_allowed PASSED [ 83%]
tests/daemon/test_projector_epoch.py::test_to_epoch_offset_plus_two_returns_utc_epoch PASSED [ 84%]
tests/daemon/test_projector_epoch.py::test_to_epoch_offset_minus_five_returns_utc_epoch PASSED [ 85%]
tests/daemon/test_projector_epoch.py::test_to_epoch_utc_z_suffix_matches_explicit_utc PASSED [ 86%]
tests/daemon/test_projector_epoch.py::test_to_epoch_naive_string_treated_as_utc PASSED [ 87%]
tests/daemon/test_projector_epoch.py::test_to_epoch_int_passthrough PASSED [ 88%]
tests/daemon/test_projector_epoch.py::test_to_epoch_float_truncates_to_int PASSED [ 89%]
tests/daemon/test_projector_epoch.py::test_to_epoch_none_returns_none PASSED [ 90%]
tests/daemon/test_projector_epoch.py::test_to_epoch_invalid_string_returns_none PASSED [ 91%]
tests/daemon/test_projector_epoch.py::test_to_epoch_unknown_type_returns_none PASSED [ 92%]
tests/daemon/test_unknown_event.py::test_unknown_event_does_not_raise PASSED [ 93%]
tests/daemon/test_unknown_event.py::test_unknown_event_returns_ignored_status PASSED [ 94%]
tests/daemon/test_unknown_event.py::test_unknown_event_is_logged_with_ignored_status PASSED [ 95%]
tests/daemon/test_unknown_event.py::test_unknown_event_does_not_mutate_projects_table PASSED [ 96%]
tests/daemon/test_unknown_event.py::test_known_event_after_unknown_projects_correctly PASSED [ 97%]
tests/daemon/test_unknown_event.py::test_cursor_advances_past_unknown_event PASSED [ 98%]
tests/daemon/test_unknown_event.py::test_multiple_consecutive_unknown_events_all_ignored PASSED [100%]

======================= 96 passed, 2 deselected in 8.59s =======================
